	Iozone: Performance Test of File I/O
	        Version $Revision: 3.308 $
		Compiled for 64 bit mode.
		Build: linux 

	Contributors:William Norcott, Don Capps, Isom Crawford, Kirby Collins
	             Al Slater, Scott Rhine, Mike Wisner, Ken Goss
	             Steve Landherr, Brad Smith, Mark Kelly, Dr. Alain CYR,
	             Randy Dunlap, Mark Montague, Dan Million, Gavin Brebner,
	             Jean-Marc Zucconi, Jeff Blomberg, Benny Halevy,
	             Erik Habbinga, Kris Strecker, Walter Wong, Joshua Root.

	Run began: Tue Jan 10 14:05:57 2012

	Purge Mode On
	Using Maximum Record Size 2048 KB
	Using Minimum Record Size 4 KB
	Using maximum file size of 1048576 kilobytes.
	Using minimum file size of 64 kilobytes.
	Auto Mode
	Command line used: iozone -p -q2048 -y4 -g1G -n64k -i0 -i1 -a -U . -f /root/iozone-3.2-xen-wcache-nobarrier.bin
	Output is in Kbytes/sec
	Time Resolution = 0.000002 seconds.
	Processor cache size set to 1024 Kbytes.
	Processor cache line size set to 32 bytes.
	File stride size set to 17 * record size.
                                                            random  random    bkwd   record   stride                                   
              KB  reclen   write rewrite    read    reread    read   write    read  rewrite     read   fwrite frewrite   fread  freread
              64       4  167081  407577   720416   710877                                                                          
              64       8  225270  533021   799840   811936                                                                          
              64      16  254053  621937   799840   832070                                                                          
              64      32  266672  666735   710877   703426                                                                          
              64      64  225460  666735   507812   524686                                                                          
             128       4  210157  458624   821391   848658                                                                          
             128       8  249520  603489   998622  1039216                                                                          
             128      16  284568  757637  1066042  1112429                                                                          
             128      32  301848  831569   993081  1033216                                                                          
             128      64  314582  882124   810234   825179                                                                          
             128     128  285022  870679   565954   558884                                                                          
             256       4  213866  490380   876802   901083                                                                          
             256       8  269472  665015  1127156  1133103                                                                          
             256      16  309916  799741  1298968  1318103                                                                          
             256      32  329509  917248  1298968  1354688                                                                          
             256      64  347870  969421  1142750  1168874                                                                          
             256     128  354532  996409   892100   778292                                                                          
             256     256  336426  984532   595328   595328                                                                          
             512       4  219005  475884   913973   942866                                                                          
             512       8  269763  686182  1208072  1236594                                                                          
             512      16  300615  799923  1418781  1480398                                                                          
             512      32  347117 1004148  1523457  1585313                                                                          
             512      64  361552 1064369  1492747  1514860                                                                          
             512     128  349036 1089755  1106031  1254656                                                                          
             512     256  349490 1011717   844929   931012                                                                          
             512     512  355331 1040643   566377   606015                                                                          
            1024       4  222703  501712   909447   961356                                                                          
            1024       8  272184  704715  1261144  1282994                                                                          
            1024      16  315374  861991  1546837  1570595                                                                          
            1024      32  342130 1016894  1570595  1735612                                                                          
            1024      64  354440 1032044  1747618  1762680                                                                          
            1024     128  359182 1127995  1607631  1617926                                                                          
            1024     256  368331 1110496  1291482  1239667                                                                          
            1024     512  361571 1107061   957072   954307                                                                          
            1024    1024  336500  947361   586775   586454                                                                          
            2048       4  224019  463779   964661   957884                                                                          
            2048       8  274056  677246  1289661  1322217                                                                          
            2048      16  314458  846998  1807413  1673273                                                                          
            2048      32  338791  943781  1776023  1892634                                                                          
            2048      64  355681 1074599  1856636  1984455                                                                          
            2048     128  366956 1123364  1943155  1948444                                                                          
            2048     256  365908 1055584  1744641  1758210                                                                          
            2048     512  359793 1051320  1328968  1409431                                                                          
            2048    1024  343864  865605   802526   796277                                                                          
            2048    2048  310671  795319   492327   492440                                                                          
            4096       4  217085  480466   996361   987938                                                                          
            4096       8  263476  646574  1382395  1393721                                                                          
            4096      16  301996  798632  1846779  1804302                                                                          
            4096      32  326218  919663  2089852  2175324                                                                          
            4096      64  345569  930270  2322039  2310174                                                                          
            4096     128  350505 1021176  2284371  2344538                                                                          
            4096     256  359896 1031228  2147856  2155672                                                                          
            4096     512  355804  996361  1872952  1838478                                                                          
            4096    1024  326560  820526   993193  1011615                                                                          
            4096    2048  316413  748558   642703   636512                                                                          
            8192       4  212404  456634  1016121  1028130                                                                          
            8192       8  256600  629326  1455821  1471533                                                                          
            8192      16  292842  778997  1916261  1918079                                                                          
            8192      32  318199  876040  2234545  2253746                                                                          
            8192      64  330081  935477  2478590  2425060                                                                          
            8192     128  337798  971420  2513769  2544862                                                                          
            8192     256  344449  993928  2478769  2549582                                                                          
            8192     512  337506  975474  2267429  2299292                                                                          
            8192    1024  316159  797975  1193642  1185365                                                                          
            8192    2048  305559  721394   773108   772830                                                                          
           16384       4  210194  448778  1034735  1032977                                                                          
           16384       8  250592  609206  1511294  1518172                                                                          
           16384      16  288313  735765  1992931  1995825                                                                          
           16384      32  311643  841803  2385876  2368688                                                                          
           16384      64  324404  903494  2573222  2612251                                                                          
           16384     128  331592  936658  2747063  2689017                                                                          
           16384     256  337140  964394  2769873  2784012                                                                          
           16384     512  325162  946502  2610564  2626930                                                                          
           16384    1024  309927  764708  1282519  1269395                                                                          
           16384    2048  302634  718089   850587   846803                                                                          
           32768       4  207657  435867  1026371  1024130                                                                          
           32768       8  249040  593989  1477240  1493810                                                                          
           32768      16  283011  729345  1989083  1980285                                                                          
           32768      32  306546  824495  2393213  2420099                                                                          
           32768      64  319822  881948  2626308  2664701                                                                          
           32768     128  323980  918668  2856609  2863871                                                                          
           32768     256  330288  952950  2838497  2852637                                                                          
           32768     512  325884  930196  2833873  2834633                                                                          
           32768    1024  304634  762171  1336699  1341409                                                                          
           32768    2048  297094  702421   897726   895399                                                                          
           65536       4  181655  331844  1034392  1031868                                                                          
           65536       8  206595  460810  1487526  1486882                                                                          
           65536      16  256299  698916  2004526  1997127                                                                          
           65536      32  264277  691862  2416687  2427700                                                                          
           65536      64  294869  750147  2674934  2688302                                                                          
           65536     128  305964  775040  2899170  2877802                                                                          
           65536     256  297567  777330  2997002  2984053                                                                          
           65536     512  296041  698797  2942904  2938971                                                                          
           65536    1024  276437  549024  1383983  1381916                                                                          
           65536    2048  236510  681721   923432   918578                                                                          
          131072       4   72318   95578  1023392  1018644                                                                          
          131072       8  118347  120755  1493375  1489790                                                                          
          131072      16   78506   65966  2014882  2007048                                                                          
          131072      32   68649   82829  2452880  2438637                                                                          
          131072      64   74162  105617  2711915  2714500                                                                          
          131072     128   66924   58477  2929115  2923430                                                                          
          131072     256   71303   56279  3040909  3038221                                                                          
          131072     512   77055   98952  2999432  2989174                                                                          
          131072    1024   78792   88225  1382467  1385216                                                                          
          131072    2048   72269   63336   938526   940001                                                                          
          262144       4   31307   36048  1025639  1022960                                                                          
          262144       8   33154   34188  1484858  1488871                                                                          
          262144      16   33840   34019  2023450  2014725                                                                          
          262144      32   32423   33964  2447129  2431581                                                                          
          262144      64   41490   48411  2737537  2729613                                                                          
          262144     128   32788   42970  2946230  2942958                                                                          
          262144     256   45316   44208  3070793  3072878                                                                          
          262144     512   33652   35741  3044999  3040974                                                                          
          262144    1024   32775   33012  1389467  1388569                                                                          
          262144    2048   32067   33714   947428   948213                                                                          
