	Iozone: Performance Test of File I/O
	        Version $Revision: 3.308 $
		Compiled for 64 bit mode.
		Build: linux 

	Contributors:William Norcott, Don Capps, Isom Crawford, Kirby Collins
	             Al Slater, Scott Rhine, Mike Wisner, Ken Goss
	             Steve Landherr, Brad Smith, Mark Kelly, Dr. Alain CYR,
	             Randy Dunlap, Mark Montague, Dan Million, Gavin Brebner,
	             Jean-Marc Zucconi, Jeff Blomberg, Benny Halevy,
	             Erik Habbinga, Kris Strecker, Walter Wong, Joshua Root.

	Run began: Tue Jan 10 10:35:39 2012

	Purge Mode On
	Using Maximum Record Size 2048 KB
	Using Minimum Record Size 4 KB
	Using maximum file size of 1048576 kilobytes.
	Using minimum file size of 64 kilobytes.
	Auto Mode
	Command line used: iozone -p -q2048 -y4 -g1G -n64k -i0 -i1 -a -U . -f /root/iozone-2.6.32-xen-wcache-barrier.bin
	Output is in Kbytes/sec
	Time Resolution = 0.000002 seconds.
	Processor cache size set to 1024 Kbytes.
	Processor cache line size set to 32 bytes.
	File stride size set to 17 * record size.
                                                            random  random    bkwd   record   stride                                   
              KB  reclen   write rewrite    read    reread    read   write    read  rewrite     read   fwrite frewrite   fread  freread
              64       4  190432  323178   710877   744389                                                                          
              64       8  223768  444715   809488   832070                                                                          
              64      16  252856  524686   524686   809488                                                                          
              64      32  139475  557369   673426   680252                                                                          
              64      64  270161  581518   495623   503998                                                                          
             128       4  211899  391416   842003   842003                                                                          
             128       8  252453  517909  1025323  1023368                                                                          
             128      16  285780  612438  1076732  1092063                                                                          
             128      32  307730  677344   985787  1007997                                                                          
             128      64  269566  692190   775140   766289                                                                          
             128     128  320785  695778   453970   453587                                                                          
             256       4  224556  410199   892100   904880                                                                          
             256       8  268595  557610  1131909  1153802                                                                          
             256      16  309559  679320  1286517  1306873                                                                          
             256      32  332467  748454  1272791  1292712                                                                          
             256      64  349797  790322  1098331  1128340                                                                          
             256     128  353598  807560   836500   847727                                                                          
             256     256  321613  828113   562577   563759                                                                          
             512       4  219072  417586   927794   932629                                                                          
             512       8  262669  563257  1210114  1216283                                                                          
             512      16  299233  694616  1458282  1471270                                                                          
             512      32  343179  745237  1510598  1550964                                                                          
             512      64  334415  835073  1410395  1437779                                                                          
             512     128  342905  856044  1166089  1204684                                                                          
             512     256  336405  864661   874877   890476                                                                          
             512     512  344059  831194   525621   565780                                                                          
            1024       4  223922  417773   952614   968947                                                                          
            1024       8  270470  569200  1271975  1293037                                                                          
            1024      16  305417  700006  1442420  1555802                                                                          
            1024      32  329783  769347  1687204  1709363                                                                          
            1024      64  344655  813346  1695195  1718254                                                                          
            1024     128  351654  880547  1535226  1452174                                                                          
            1024     256  351510  873740  1183639  1274996                                                                          
            1024     512  354820  844865   867037   867738                                                                          
            1024    1024  322623  746352   544382   548764                                                                          
            2048       4  224042  406496   913860   942022                                                                          
            2048       8  271656  551003  1297845  1330821                                                                          
            2048      16  307424  673899  1655536  1593794                                                                          
            2048      32  333180  765617  1850237  1774555                                                                          
            2048      64  345774  813008  1915424  1935711                                                                          
            2048     128  353413  835222  1861867  1885986                                                                          
            2048     256  355358  840041  1658092  1596164                                                                          
            2048     512  349601  785285  1246433  1267211                                                                          
            2048    1024  332471  702790   715851   710345                                                                          
            2048    2048  287561  685844   458800   465563                                                                          
            4096       4  218546  398839   990616   996823                                                                          
            4096       8  260990  534239  1398373  1397463                                                                          
            4096      16  300291  654206  1757061  1761746                                                                          
            4096      32  323260  733129  2083516  2102641                                                                          
            4096      64  340988  782874  2222317  2240868                                                                          
            4096     128  347442  811879  2211446  2180017                                                                          
            4096     256  345855  824979  2108059  2122383                                                                          
            4096     512  338235  787720  1642338  1656272                                                                          
            4096    1024  320372  684849   927708   928410                                                                          
            4096    2048  311293  655354   628709   621364                                                                          
            8192       4  212601  389687  1044222  1044381                                                                          
            8192       8  257772  512988  1434907  1467072                                                                          
            8192      16  293545  637169  1885762  1932535                                                                          
            8192      32  309283  715207  2197530  2182733                                                                          
            8192      64  325985  763675  2345917  2371663                                                                          
            8192     128  334025  788761  2398148  2392470                                                                          
            8192     256  339252  811584  2329219  2357991                                                                          
            8192     512  332184  770128  1933405  1927981                                                                          
            8192    1024  308666  661176  1075367  1073654                                                                          
            8192    2048  304390  627797   751203   742293                                                                          
           16384       4  211958  384402  1048230  1047096                                                                          
           16384       8  254991  516631  1515059  1511726                                                                          
           16384      16  288044  623919  1984528  1962874                                                                          
           16384      32  309652  699843  2330926  2341569                                                                          
           16384      64  321720  744695  2501745  2538151                                                                          
           16384     128  330095  784633  2591172  2617225                                                                          
           16384     256  332602  793301  2598521  2625224                                                                          
           16384     512  326180  754598  2160676  2200670                                                                          
           16384    1024  307709  653297  1110176  1169103                                                                          
           16384    2048  299617  618823   837760   830922                                                                          
           32768       4  209755  382530  1048715  1047468                                                                          
           32768       8  252321  511256  1508799  1515286                                                                          
           32768      16  285718  619575  1981855  1974311                                                                          
           32768      32  303360  695845  2381560  2393547                                                                          
           32768      64  317245  745505  2630480  2609107                                                                          
           32768     128  325363  763483  2732514  2724713                                                                          
           32768     256  327729  779522  2715722  2785005                                                                          
           32768     512  320172  744677  2327280  2359118                                                                          
           32768    1024  304475  651386  1240092  1244460                                                                          
           32768    2048  296824  616855   884832   888913                                                                          
           65536       4  197279  330444  1066718  1057118                                                                          
           65536       8  226679  419379  1537472  1527255                                                                          
           65536      16  223178  480124  2023279  2029343                                                                          
           65536      32  273609  543646  2427422  2427443                                                                          
           65536      64  289973  625905  2665130  2667769                                                                          
           65536     128  259489  576465  2778239  2834739                                                                          
           65536     256  277783  653171  2828380  2813903                                                                          
           65536     512  279857  646750  2389378  2418920                                                                          
           65536    1024  281840  465818  1304299  1302716                                                                          
           65536    2048  261159  540476   924619   922614                                                                          
          131072       4  104784  115258  1058039  1058499                                                                          
          131072       8   89083   97654  1529663  1527627                                                                          
          131072      16  138704  107449  2045567  2038317                                                                          
          131072      32   84700   86808  2472039  2462648                                                                          
          131072      64  129250  104258  2726968  2731344                                                                          
          131072     128   94665  100648  2792444  2876787                                                                          
          131072     256  133828  107028  2878745  2961877                                                                          
          131072     512  117369   97919  2544640  2515151                                                                          
          131072    1024  129454  109113  1288140  1291602                                                                          
          131072    2048   89204  115155   937339   939388                                                                          
          262144       4   52431   44883  1066810  1054739                                                                          
          262144       8   51524   52659  1539370  1549645                                                                          
          262144      16   52090   40832  2043099  2059424                                                                          
          262144      32   46488   38448  2488790  2485717                                                                          
          262144      64   48691   48813  2743555  2734228                                                                          
          262144     128   39087   42890  2880854  2910835                                                                          
          262144     256   48924   52768  2967277  2999805                                                                          
          262144     512   49669   44541  2612866  2624066                                                                          
          262144    1024   41328   47335  1279506  1287512                                                                          
          262144    2048   48569   49643   946573   949260                                                                          
